<?xml version="1.0" encoding="UTF-8"?>
<!-- Generated by org.testng.reporters.JUnitReportReporter -->
<testsuite hostname="ATMECSBLRLT-094" failures="0" tests="3" name="com.products.tests.Scenario1" time="2.447" errors="0" timestamp="2023-05-29T22:35:56 IST" skipped="0">
  <testcase classname="com.products.tests.Scenario1" name="tesGetAllProducts" time="0.641"/>
  <system-out/>
  <testcase classname="com.products.tests.Scenario1" name="testDeleteProduct" time="0.582"/>
  <system-out/>
  <testcase classname="com.products.tests.Scenario1" name="testAddProduct" time="1.224"/>
  <system-out/>
</testsuite> <!-- com.products.tests.Scenario1 -->
