<?xml version="1.0" encoding="UTF-8"?>
<!-- Generated by org.testng.reporters.JUnitReportReporter -->
<testsuite hostname="ATMECSBLRLT-094" failures="0" tests="3" name="com.products.tests.Scenario2" time="2.948" errors="0" timestamp="2023-05-30T10:48:05 IST" skipped="0">
  <testcase classname="com.products.tests.Scenario2" name="testGetLimitCart" time="1.045"/>
  <system-out/>
  <testcase classname="com.products.tests.Scenario2" name="testSortCartResult" time="0.872"/>
  <system-out/>
  <testcase classname="com.products.tests.Scenario2" name="testDateRange" time="1.031"/>
  <system-out/>
</testsuite> <!-- com.products.tests.Scenario2 -->
