<?xml version="1.0" encoding="UTF-8"?>
<!-- Generated by org.testng.reporters.JUnitReportReporter -->
<testsuite hostname="ATMECSBLRLT-094" failures="0" tests="3" name="com.products.tests.Scenario2" time="2.330" errors="0" timestamp="2023-05-31T11:06:59 IST" skipped="0">
  <testcase classname="com.products.tests.Scenario2" name="testGetLimitCart" time="0.884"/>
  <system-out/>
  <testcase classname="com.products.tests.Scenario2" name="testSortCartResult" time="0.851"/>
  <system-out/>
  <testcase classname="com.products.tests.Scenario2" name="testDateRange" time="0.595"/>
  <system-out/>
</testsuite> <!-- com.products.tests.Scenario2 -->
