<?xml version="1.0" encoding="UTF-8"?>
<!-- Generated by org.testng.reporters.JUnitReportReporter -->
<testsuite hostname="ATMECSBLRLT-094" failures="0" tests="4" name="com.products.tests.Scenario3" time="3.532" errors="0" timestamp="2023-05-31T11:06:59 IST" skipped="0">
  <testcase classname="com.products.tests.Scenario3" name="testGetAllUsers" time="0.870"/>
  <system-out/>
  <testcase classname="com.products.tests.Scenario3" name="testUpdateUser" time="0.994"/>
  <system-out/>
  <testcase classname="com.products.tests.Scenario3" name="testAddUser" time="0.837"/>
  <system-out/>
  <testcase classname="com.products.tests.Scenario3" name="testDeleteUser" time="0.831"/>
  <system-out/>
</testsuite> <!-- com.products.tests.Scenario3 -->
