<?xml version="1.0" encoding="UTF-8"?>
<!-- Generated by org.testng.reporters.JUnitReportReporter -->
<testsuite hostname="ATMECSBLRLT-094" failures="0" tests="3" name="com.products.tests.Scenario1" time="2.786" errors="0" timestamp="2023-05-31T11:06:59 IST" skipped="0">
  <testcase classname="com.products.tests.Scenario1" name="tesGetAllProducts" time="0.754"/>
  <system-out/>
  <testcase classname="com.products.tests.Scenario1" name="testDeleteProduct" time="0.925"/>
  <system-out/>
  <testcase classname="com.products.tests.Scenario1" name="testAddProduct" time="1.107"/>
  <system-out/>
</testsuite> <!-- com.products.tests.Scenario1 -->
