<?xml version="1.0" encoding="UTF-8"?>
<!-- Generated by org.testng.reporters.JUnitReportReporter -->
<testsuite hostname="ATMECSBLRLT-094" failures="0" tests="5" name="com.products.tests.APISecurity" time="11.535" errors="0" timestamp="2023-05-29T22:35:56 IST" skipped="0">
  <testcase classname="com.products.tests.APISecurity" name="testGetAccessToken" time="5.216"/>
  <system-out/>
  <testcase classname="com.products.tests.APISecurity" name="testBearerAuthorization" time="1.399"/>
  <system-out/>
  <testcase classname="com.products.tests.APISecurity" name="testOpenAuthorization" time="1.896"/>
  <system-out/>
  <testcase classname="com.products.tests.APISecurity" name="testBadRequest" time="1.528"/>
  <system-out/>
  <testcase classname="com.products.tests.APISecurity" name="testUnauthorized" time="1.496"/>
  <system-out/>
</testsuite> <!-- com.products.tests.APISecurity -->
