<?xml version="1.0" encoding="UTF-8"?>
<!-- Generated by org.testng.reporters.JUnitReportReporter -->
<testsuite hostname="ATMECSBLRLT-094" failures="0" tests="4" name="com.products.tests.Scenario3" time="4.004" errors="0" timestamp="2023-05-29T22:35:56 IST" skipped="0">
  <testcase classname="com.products.tests.Scenario3" name="testGetAllUsers" time="1.668"/>
  <system-out/>
  <testcase classname="com.products.tests.Scenario3" name="testUpdateUser" time="0.961"/>
  <system-out/>
  <testcase classname="com.products.tests.Scenario3" name="testAddUser" time="0.821"/>
  <system-out/>
  <testcase classname="com.products.tests.Scenario3" name="testDeleteUser" time="0.554"/>
  <system-out/>
</testsuite> <!-- com.products.tests.Scenario3 -->
