<?xml version="1.0" encoding="UTF-8"?>
<!-- Generated by org.testng.reporters.JUnitReportReporter -->
<testsuite hostname="ATMECSBLRLT-094" failures="0" tests="3" name="com.products.tests.Scenario1" time="13.152" errors="0" timestamp="2023-05-30T10:48:05 IST" skipped="0">
  <testcase classname="com.products.tests.Scenario1" name="tesGetAllProducts" time="7.879"/>
  <system-out/>
  <testcase classname="com.products.tests.Scenario1" name="testDeleteProduct" time="1.208"/>
  <system-out/>
  <testcase classname="com.products.tests.Scenario1" name="testAddProduct" time="4.065"/>
  <system-out/>
</testsuite> <!-- com.products.tests.Scenario1 -->
