<?xml version="1.0" encoding="UTF-8"?>
<!-- Generated by org.testng.reporters.JUnitReportReporter -->
<testsuite hostname="ATMECSBLRLT-094" failures="0" tests="3" name="com.products.tests.Scenario1" time="2.950" errors="0" timestamp="2023-06-06T12:47:17 IST" skipped="0">
  <testcase classname="com.products.tests.Scenario1" name="tesGetAllProducts" time="0.827"/>
  <system-out/>
  <testcase classname="com.products.tests.Scenario1" name="testDeleteProduct" time="0.943"/>
  <system-out/>
  <testcase classname="com.products.tests.Scenario1" name="testAddProduct" time="1.180"/>
  <system-out/>
</testsuite> <!-- com.products.tests.Scenario1 -->
