<?xml version="1.0" encoding="UTF-8"?>
<!-- Generated by org.testng.reporters.JUnitReportReporter -->
<testsuite hostname="ATMECSBLRLT-094" failures="0" tests="5" name="com.products.tests.APISecurity" time="10.847" errors="0" timestamp="2023-05-31T11:06:59 IST" skipped="0">
  <testcase classname="com.products.tests.APISecurity" name="testGetAccessToken" time="4.953"/>
  <system-out/>
  <testcase classname="com.products.tests.APISecurity" name="testBearerAuthorization" time="1.344"/>
  <system-out/>
  <testcase classname="com.products.tests.APISecurity" name="testOpenAuthorization" time="1.363"/>
  <system-out/>
  <testcase classname="com.products.tests.APISecurity" name="testBadRequest" time="1.360"/>
  <system-out/>
  <testcase classname="com.products.tests.APISecurity" name="testUnauthorized" time="1.827"/>
  <system-out/>
</testsuite> <!-- com.products.tests.APISecurity -->
