<?xml version="1.0" encoding="UTF-8"?>
<!-- Generated by org.testng.reporters.JUnitReportReporter -->
<testsuite hostname="ATMECSBLRLT-094" failures="0" tests="3" name="com.products.tests.Scenario2" time="2.925" errors="0" timestamp="2023-06-06T12:47:17 IST" skipped="0">
  <testcase classname="com.products.tests.Scenario2" name="testGetLimitCart" time="0.903"/>
  <system-out/>
  <testcase classname="com.products.tests.Scenario2" name="testSortCartResult" time="1.109"/>
  <system-out/>
  <testcase classname="com.products.tests.Scenario2" name="testDateRange" time="0.913"/>
  <system-out/>
</testsuite> <!-- com.products.tests.Scenario2 -->
