<?xml version="1.0" encoding="UTF-8"?>
<!-- Generated by org.testng.reporters.JUnitReportReporter -->
<testsuite hostname="ATMECSBLRLT-094" failures="0" tests="4" name="com.products.tests.Scenario3" time="4.165" errors="0" timestamp="2023-06-06T12:47:17 IST" skipped="0">
  <testcase classname="com.products.tests.Scenario3" name="testGetAllUsers" time="0.868"/>
  <system-out/>
  <testcase classname="com.products.tests.Scenario3" name="testUpdateUser" time="1.305"/>
  <system-out/>
  <testcase classname="com.products.tests.Scenario3" name="testAddUser" time="0.879"/>
  <system-out/>
  <testcase classname="com.products.tests.Scenario3" name="testDeleteUser" time="1.113"/>
  <system-out/>
</testsuite> <!-- com.products.tests.Scenario3 -->
