<?xml version="1.0" encoding="UTF-8"?>
<!-- Generated by org.testng.reporters.JUnitReportReporter -->
<testsuite hostname="ATMECSBLRLT-094" failures="0" tests="5" name="com.products.tests.APISecurity" time="14.275" errors="0" timestamp="2023-06-06T12:47:17 IST" skipped="0">
  <testcase classname="com.products.tests.APISecurity" name="testGetAccessToken" time="3.960"/>
  <system-out/>
  <testcase classname="com.products.tests.APISecurity" name="testBearerAuthorization" time="1.919"/>
  <system-out/>
  <testcase classname="com.products.tests.APISecurity" name="testOpenAuthorization" time="2.106"/>
  <system-out/>
  <testcase classname="com.products.tests.APISecurity" name="testBadRequest" time="4.637"/>
  <system-out/>
  <testcase classname="com.products.tests.APISecurity" name="testUnauthorized" time="1.653"/>
  <system-out/>
</testsuite> <!-- com.products.tests.APISecurity -->
