<?xml version="1.0" encoding="UTF-8"?>
<!-- Generated by org.testng.reporters.JUnitReportReporter -->
<testsuite hostname="ATMECSBLRLT-094" failures="0" tests="3" name="com.products.tests.Scenario2" time="1.894" errors="0" timestamp="2023-05-29T22:35:56 IST" skipped="0">
  <testcase classname="com.products.tests.Scenario2" name="testGetLimitCart" time="0.554"/>
  <system-out/>
  <testcase classname="com.products.tests.Scenario2" name="testSortCartResult" time="0.545"/>
  <system-out/>
  <testcase classname="com.products.tests.Scenario2" name="testDateRange" time="0.795"/>
  <system-out/>
</testsuite> <!-- com.products.tests.Scenario2 -->
