<?xml version="1.0" encoding="UTF-8"?>
<!-- Generated by org.testng.reporters.JUnitReportReporter -->
<testsuite hostname="ATMECSBLRLT-094" failures="0" tests="4" name="com.products.tests.Scenario3" time="4.278" errors="0" timestamp="2023-05-30T10:48:05 IST" skipped="0">
  <testcase classname="com.products.tests.Scenario3" name="testGetAllUsers" time="0.945"/>
  <system-out/>
  <testcase classname="com.products.tests.Scenario3" name="testUpdateUser" time="1.535"/>
  <system-out/>
  <testcase classname="com.products.tests.Scenario3" name="testAddUser" time="0.927"/>
  <system-out/>
  <testcase classname="com.products.tests.Scenario3" name="testDeleteUser" time="0.871"/>
  <system-out/>
</testsuite> <!-- com.products.tests.Scenario3 -->
